<?xml version="1.0" encoding="UTF-8"?>
<testng-results ignored="0" total="1" passed="1" failed="0" skipped="0">
  <reporter-output>
  </reporter-output>
  <suite started-at="2023-02-06T21:56:49 IST" name="Default suite" finished-at="2023-02-06T21:57:04 IST" duration-ms="14954">
    <groups>
    </groups>
    <test started-at="2023-02-06T21:56:49 IST" name="Default test" finished-at="2023-02-06T21:57:04 IST" duration-ms="14954">
      <class name="ajacademy.AppiumBasics">
        <test-method is-config="true" signature="ConfigureAppium()[pri:0, instance:ajacademy.AppiumBasics@1a6d8329]" started-at="2023-02-06T21:56:49 IST" name="ConfigureAppium" finished-at="2023-02-06T21:56:59 IST" duration-ms="9974" status="PASS">
          <reporter-output>
          </reporter-output>
        </test-method> <!-- ConfigureAppium -->
        <test-method signature="appiumTest()[pri:0, instance:ajacademy.AppiumBasics@1a6d8329]" started-at="2023-02-06T21:56:59 IST" name="appiumTest" finished-at="2023-02-06T21:57:03 IST" duration-ms="4289" status="PASS">
          <reporter-output>
          </reporter-output>
        </test-method> <!-- appiumTest -->
        <test-method is-config="true" signature="tearDown()[pri:0, instance:ajacademy.AppiumBasics@1a6d8329]" started-at="2023-02-06T21:57:03 IST" name="tearDown" finished-at="2023-02-06T21:57:04 IST" duration-ms="655" status="PASS">
          <reporter-output>
          </reporter-output>
        </test-method> <!-- tearDown -->
      </class> <!-- ajacademy.AppiumBasics -->
    </test> <!-- Default test -->
  </suite> <!-- Default suite -->
</testng-results>
